proguard.cfg
-dontwarn com.umeng.**

-keepattributes *Annotation*

-keep class com.umeng*.** {*; }

-keep public class com.find1x.outsmart.R$*{
    public static final int *;
}

-keep class android.support.v4.app.** { *; }
-keep interface android.support.v4.app.** { *; }
-dontwarn android.support.v4.**

-keep class com.actionbarsherlock.** { *; }
-keep interface com.actionbarsherlock.** { *; }

-keep class org.jraf.android.backport.** { *; }
-keep interface org.jraf.android.backport.** { *; }