proguard/seeds.txt
com.find1x.outsmart.AboutActivity
com.find1x.outsmart.AboutActivity: AboutActivity()
com.find1x.outsmart.AutoStartBroadcastReceiver
com.find1x.outsmart.AutoStartBroadcastReceiver: AutoStartBroadcastReceiver()
com.find1x.outsmart.DialogActivity
com.find1x.outsmart.DialogActivity: DialogActivity()
com.find1x.outsmart.MainActivity
com.find1x.outsmart.MainActivity: MainActivity()
com.find1x.outsmart.R$anim
com.find1x.outsmart.R$anim: int umeng_fb_slide_in_from_left
com.find1x.outsmart.R$anim: int umeng_fb_slide_in_from_right
com.find1x.outsmart.R$anim: int umeng_fb_slide_out_from_left
com.find1x.outsmart.R$anim: int umeng_fb_slide_out_from_right
com.find1x.outsmart.R$anim: int umeng_xp_fade_in
com.find1x.outsmart.R$anim: int umeng_xp_fade_out
com.find1x.outsmart.R$anim: int umeng_xp_large_gallery_in
com.find1x.outsmart.R$anim: int umeng_xp_progressbar
com.find1x.outsmart.R$anim: int umeng_xp_push_down_out
com.find1x.outsmart.R$anim: int umeng_xp_push_up_in
com.find1x.outsmart.R$anim: int umeng_xp_push_up_out
com.find1x.outsmart.R$anim: int umeng_xp_slide_in_from_bottom
com.find1x.outsmart.R$anim: int umeng_xp_slide_in_from_left
com.find1x.outsmart.R$anim: int umeng_xp_slide_in_from_right
com.find1x.outsmart.R$anim: int umeng_xp_slide_in_from_top
com.find1x.outsmart.R$anim: int umeng_xp_slide_out_from_bottom
com.find1x.outsmart.R$anim: int umeng_xp_slide_out_from_left
com.find1x.outsmart.R$anim: int umeng_xp_slide_out_from_right
com.find1x.outsmart.R$anim: int umeng_xp_slide_out_from_top
com.find1x.outsmart.R$anim: int umeng_xp_zoom_in
com.find1x.outsmart.R$anim: int umeng_xp_zoom_out
com.find1x.outsmart.R$attr
com.find1x.outsmart.R$attr: int actionBarDivider
com.find1x.outsmart.R$attr: int actionBarItemBackground
com.find1x.outsmart.R$attr: int actionBarSize
com.find1x.outsmart.R$attr: int actionBarSplitStyle
com.find1x.outsmart.R$attr: int actionBarStyle
com.find1x.outsmart.R$attr: int actionBarTabBarStyle
com.find1x.outsmart.R$attr: int actionBarTabStyle
com.find1x.outsmart.R$attr: int actionBarTabTextStyle
com.find1x.outsmart.R$attr: int actionBarWidgetTheme
com.find1x.outsmart.R$attr: int actionButtonStyle
com.find1x.outsmart.R$attr: int actionDropDownStyle
com.find1x.outsmart.R$attr: int actionMenuTextAppearance
com.find1x.outsmart.R$attr: int actionMenuTextColor
com.find1x.outsmart.R$attr: int actionModeBackground
com.find1x.outsmart.R$attr: int actionModeCloseButtonStyle
com.find1x.outsmart.R$attr: int actionModeCloseDrawable
com.find1x.outsmart.R$attr: int actionModePopupWindowStyle
com.find1x.outsmart.R$attr: int actionModeShareDrawable
com.find1x.outsmart.R$attr: int actionModeSplitBackground
com.find1x.outsmart.R$attr: int actionModeStyle
com.find1x.outsmart.R$attr: int actionOverflowButtonStyle
com.find1x.outsmart.R$attr: int actionSpinnerItemStyle
com.find1x.outsmart.R$attr: int activatedBackgroundIndicator
com.find1x.outsmart.R$attr: int activityChooserViewStyle
com.find1x.outsmart.R$attr: int background
com.find1x.outsmart.R$attr: int backgroundSplit
com.find1x.outsmart.R$attr: int backgroundStacked
com.find1x.outsmart.R$bool
com.find1x.outsmart.R$bool: int abs__action_bar_embed_tabs
com.find1x.outsmart.R$bool: int abs__action_bar_expanded_action_views_exclusive
com.find1x.outsmart.R$bool: int abs__config_actionMenuItemAllCaps
com.find1x.outsmart.R$bool: int abs__config_allowActionMenuItemTextWithIcon
com.find1x.outsmart.R$bool: int abs__config_showMenuShortcutsWhenKeyboardPresent
com.find1x.outsmart.R$bool: int abs__split_action_bar_is_narrow
...
com.umeng.analytics.d.g$e
com.umeng.analytics.d.g$e: com.umeng.analytics.d.g$e a
com.umeng.analytics.d.g$e: com.umeng.analytics.d.g$e b
com.umeng.analytics.d.g$e: com.umeng.analytics.d.g$e c
com.umeng.analytics.d.g$e: java.util.Map d
com.umeng.analytics.d.g$e: short e
com.umeng.analytics.d.g$e: java.lang.String f
com.umeng.analytics.d.g$e: com.umeng.analytics.d.g$e[] g
com.umeng.analytics.d.g$e: com.umeng.analytics.d.g$e[] values()
com.umeng.analytics.d.g$e: com.umeng.analytics.d.g$e valueOf(java.lang.String)
com.umeng.analytics.d.g$e: com.umeng.analytics.d.g$e a(int)
com.umeng.analytics.d.g$e: com.umeng.analytics.d.g$e b(int)
com.umeng.analytics.d.g$e: com.umeng.analytics.d.g$e a(java.lang.String)
com.umeng.analytics.d.g$e: g$e(java.lang.String,int,short,java.lang.String)
com.umeng.analytics.d.g$e: short a()
com.umeng.analytics.d.g$e: java.lang.String b()
com.umeng.analytics.d.g$e: void <clinit>()
com.umeng.analytics.d.h
com.umeng.analytics.d.h: com.umeng.analytics.d.h a
com.umeng.analytics.d.h: com.umeng.analytics.d.h b
com.umeng.analytics.d.h: int c
com.umeng.analytics.d.h: com.umeng.analytics.d.h[] d
com.umeng.analytics.d.h: com.umeng.analytics.d.h[] values()
com.umeng.analytics.d.h: com.umeng.analytics.d.h valueOf(java.lang.String)
com.umeng.analytics.d.h: h(java.lang.String,int,int)
com.umeng.analytics.d.h: int a()
com.umeng.analytics.d.h: com.umeng.analytics.d.h a(int)
com.umeng.analytics.d.h: void <clinit>()
com.umeng.analytics.d.i
com.umeng.analytics.d.i: com.umeng.a.a.a.b.m a
com.umeng.analytics.d.i: com.umeng.a.a.a.b.c b
com.umeng.analytics.d.i: com.umeng.a.a.a.b.c i
com.umeng.analytics.d.i: com.umeng.a.a.a.b.c j
com.umeng.analytics.d.i: com.umeng.a.a.a.b.c k
com.umeng.analytics.d.i: com.umeng.a.a.a.b.c l
com.umeng.analytics.d.i: java.util.Map m
com.umeng.analytics.d.i: java.lang.String c
com.umeng.analytics.d.i: java.util.Map d
com.umeng.analytics.d.i: long e
com.umeng.analytics.d.i: int f
com.umeng.analytics.d.i: long g
com.umeng.analytics.d.i: int n
com.umeng.analytics.d.i: int o
com.umeng.analytics.d.i: int p
com.umeng.analytics.d.i: byte q
com.umeng.analytics.d.i: com.umeng.analytics.d.i$e[] r
com.umeng.analytics.d.i: java.util.Map h
com.umeng.analytics.d.i: i()
com.umeng.analytics.d.i: i(java.lang.String,java.util.Map,long)
com.umeng.analytics.d.i: i(com.umeng.analytics.d.i)
com.umeng.analytics.d.i: com.umeng.analytics.d.i c()
com.umeng.analytics.d.i: void b()
com.umeng.analytics.d.i: java.lang.String d()
com.umeng.analytics.d.i: com.umeng.analytics.d.i a(java.lang.String)
com.umeng.analytics.d.i: void e()
com.umeng.analytics.d.i: boolean f()
com.umeng.analytics.d.i: void a(boolean)
com.umeng.analytics.d.i: int h()
com.umeng.analytics.d.i: void a(java.lang.String,com.umeng.analytics.d.t)
com.umeng.analytics.d.i: java.util.Map i()
com.umeng.analytics.d.i: com.umeng.analytics.d.i a(java.util.Map)
com.umeng.analytics.d.i: void j()
com.umeng.analytics.d.i: boolean k()
com.umeng.analytics.d.i$1
com.umeng.analytics.d.i$a
com.umeng.analytics.d.i$a: i$a()
com.umeng.analytics.d.i$a: void a(com.umeng.a.a.a.b.h,com.umeng.analytics.d.i)
com.umeng.analytics.d.i$a: void b(com.umeng.a.a.a.b.h,com.umeng.analytics.d.i)
com.umeng.analytics.d.i$a: void a(com.umeng.a.a.a.b.h,com.umeng.a.a.a.d)
com.umeng.analytics.d.i$a: void b(com.umeng.a.a.a.b.h,com.umeng.a.a.a.d)
com.umeng.analytics.d.i$a: i$a(com.umeng.analytics.d.i$1)
com.umeng.analytics.d.i$b
com.umeng.analytics.d.i$b: i$b()
com.umeng.analytics.d.i$b: com.umeng.analytics.d.i$a a()
com.umeng.analytics.d.i$b: com.umeng.a.a.a.c.a b()
com.umeng.analytics.d.i$b: i$b(com.umeng.analytics.d.i$1)