proguard/mapping.txt
com.find1x.outsmart.AboutActivity -> com.find1x.outsmart.AboutActivity:
    void onCreate(android.os.Bundle) -> onCreate
    boolean onCreateOptionsMenu(com.actionbarsherlock.view.Menu) -> onCreateOptionsMenu
    boolean onOptionsItemSelected(com.actionbarsherlock.view.MenuItem) -> onOptionsItemSelected
com.find1x.outsmart.AutoStartBroadcastReceiver -> com.find1x.outsmart.AutoStartBroadcastReceiver:
    void onReceive(android.content.Context,android.content.Intent) -> onReceive
com.find1x.outsmart.DialogActivity -> com.find1x.outsmart.DialogActivity:
    android.widget.TextView sendertextView -> a
    android.widget.TextView timeSMStextView -> b
    android.widget.TextView smstextView -> c
    android.widget.TextView timetextView -> d
    android.widget.TextView datetextView -> e
    android.widget.EditText editText_location -> f
    android.widget.EditText editText_event -> g
    android.widget.EditText editText -> h
    android.widget.Button btn_ok -> i
    android.widget.Button btn_cancel -> j
    android.widget.Button btn_reply -> k
    android.widget.Button btn_changeLocation -> l
    android.widget.Button btn_changeEvent -> m
    android.widget.Button btn_changeTime -> n
    android.widget.Button btn_changeDate -> o
    android.widget.ImageView contact_imageView -> p
    java.lang.String[] location -> q
    java.util.Calendar time -> r
    java.lang.String address -> s
    java.lang.String replyText -> t
    boolean isClear_Event -> u
    boolean isClear_Location -> v
    java.lang.String calanderEventURL -> w
    java.lang.String calanderRemiderURL -> x
    void onCreate(android.os.Bundle) -> onCreate
    void onResume() -> onResume
    void onDestroy() -> onDestroy
    void onClick(android.view.View) -> onClick
    android.app.Dialog onCreateDialog(int) -> onCreateDialog
    java.lang.String[] access$0(com.find1x.outsmart.DialogActivity) -> a
    android.widget.EditText access$1(com.find1x.outsmart.DialogActivity) -> b
com.find1x.outsmart.DialogActivity$1 -> com.find1x.outsmart.a:
    com.find1x.outsmart.DialogActivity this$0 -> a
    void onReceive(android.content.Context,android.content.Intent) -> onReceive
com.find1x.outsmart.DialogActivity$2 -> com.find1x.outsmart.b:
    com.find1x.outsmart.DialogActivity this$0 -> a
    void onReceive(android.content.Context,android.content.Intent) -> onReceive
com.find1x.outsmart.DialogActivity$3 -> com.find1x.outsmart.c:
    boolean[] val$defaultSelectedStatus -> a
    void onClick(android.content.DialogInterface,int,boolean) -> onClick
com.find1x.outsmart.DialogActivity$4 -> com.find1x.outsmart.d:
    com.find1x.outsmart.DialogActivity this$0 -> a
    boolean[] val$defaultSelectedStatus -> b
    void onClick(android.content.DialogInterface,int) -> onClick
com.find1x.outsmart.DialogActivity$5 -> com.find1x.outsmart.e:
    boolean[] val$defaultSelectedStatus -> a
    void onClick(android.content.DialogInterface,int,boolean) -> onClick
com.find1x.outsmart.DialogActivity$6 -> com.find1x.outsmart.f:
    com.find1x.outsmart.DialogActivity this$0 -> a
    boolean[] val$defaultSelectedStatus -> b
    void onClick(android.content.DialogInterface,int) -> onClick
com.find1x.outsmart.DialogActivity$7 -> com.find1x.outsmart.g:
    com.find1x.outsmart.DialogActivity this$0 -> a
    android.view.View val$myLoginView -> b
    void onClick(android.content.DialogInterface,int) -> onClick
com.find1x.outsmart.DialogActivity$8 -> com.find1x.outsmart.h:
    com.find1x.outsmart.DialogActivity this$0 -> a
    void onDateSet(android.widget.DatePicker,int,int,int) -> onDateSet
com.find1x.outsmart.DialogActivity$9 -> com.find1x.outsmart.i:
    com.find1x.outsmart.DialogActivity this$0 -> a
    void onTimeSet(android.widget.TimePicker,int,int) -> onTimeSet
com.find1x.outsmart.DialogActivity$BtnOnClickListener -> com.find1x.outsmart.j:
    int dialogId -> a
    com.find1x.outsmart.DialogActivity this$0 -> b
    void onClick(android.view.View) -> onClick
...
com.actionbarsherlock.widget.SearchView$OnSuggestionListener -> com.actionbarsherlock.widget.SearchView$OnSuggestionListener:
    boolean onSuggestionSelect(int) -> onSuggestionSelect
    boolean onSuggestionClick(int) -> onSuggestionClick
com.actionbarsherlock.widget.SearchView$SearchAutoComplete -> com.actionbarsherlock.widget.SearchView$SearchAutoComplete:
    int mThreshold -> mThreshold
    com.actionbarsherlock.widget.SearchView mSearchView -> mSearchView
    void setSearchView(com.actionbarsherlock.widget.SearchView) -> setSearchView
    void setThreshold(int) -> setThreshold
    boolean isEmpty() -> isEmpty
    void replaceText(java.lang.CharSequence) -> replaceText
    void performCompletion() -> performCompletion
    void onWindowFocusChanged(boolean) -> onWindowFocusChanged
    void onFocusChanged(boolean,int,android.graphics.Rect) -> onFocusChanged
    boolean enoughToFilter() -> enoughToFilter
    boolean onKeyPreIme(int,android.view.KeyEvent) -> onKeyPreIme
    boolean access$0(com.actionbarsherlock.widget.SearchView$SearchAutoComplete) -> access$0
com.actionbarsherlock.widget.ShareActionProvider -> com.actionbarsherlock.widget.ShareActionProvider:
    int DEFAULT_INITIAL_ACTIVITY_COUNT -> DEFAULT_INITIAL_ACTIVITY_COUNT
    int mMaxShownActivityCount -> mMaxShownActivityCount
    com.actionbarsherlock.widget.ShareActionProvider$ShareMenuItemOnMenuItemClickListener mOnMenuItemClickListener -> mOnMenuItemClickListener
    java.lang.String DEFAULT_SHARE_HISTORY_FILE_NAME -> DEFAULT_SHARE_HISTORY_FILE_NAME
    android.content.Context mContext -> mContext
    java.lang.String mShareHistoryFileName -> mShareHistoryFileName
    com.actionbarsherlock.widget.ShareActionProvider$OnShareTargetSelectedListener mOnShareTargetSelectedListener -> mOnShareTargetSelectedListener
    com.actionbarsherlock.widget.ActivityChooserModel$OnChooseActivityListener mOnChooseActivityListener -> mOnChooseActivityListener
    void setOnShareTargetSelectedListener(com.actionbarsherlock.widget.ShareActionProvider$OnShareTargetSelectedListener) -> setOnShareTargetSelectedListener
    android.view.View onCreateActionView() -> onCreateActionView
    boolean hasSubMenu() -> hasSubMenu
    void onPrepareSubMenu(com.actionbarsherlock.view.SubMenu) -> onPrepareSubMenu
    void setShareHistoryFileName(java.lang.String) -> setShareHistoryFileName
    void setShareIntent(android.content.Intent) -> setShareIntent
    void setActivityChooserPolicyIfNeeded() -> setActivityChooserPolicyIfNeeded
com.actionbarsherlock.widget.ShareActionProvider$OnShareTargetSelectedListener -> com.actionbarsherlock.widget.ShareActionProvider$OnShareTargetSelectedListener:
    boolean onShareTargetSelected(com.actionbarsherlock.widget.ShareActionProvider,android.content.Intent) -> onShareTargetSelected
com.actionbarsherlock.widget.ShareActionProvider$ShareAcitivityChooserModelPolicy -> com.actionbarsherlock.widget.ShareActionProvider$ShareAcitivityChooserModelPolicy:
    com.actionbarsherlock.widget.ShareActionProvider this$0 -> this$0
    boolean onChooseActivity(com.actionbarsherlock.widget.ActivityChooserModel,android.content.Intent) -> onChooseActivity
com.actionbarsherlock.widget.ShareActionProvider$ShareMenuItemOnMenuItemClickListener -> com.actionbarsherlock.widget.ShareActionProvider$ShareMenuItemOnMenuItemClickListener:
    com.actionbarsherlock.widget.ShareActionProvider this$0 -> this$0
    boolean onMenuItemClick(com.actionbarsherlock.view.MenuItem) -> onMenuItemClick